<?xml version="1.0" encoding="UTF-8" ?>
<testsuite tests="10" failures="0" name="jalokivi.JalokiviTest" time="0.236" errors="0" skipped="0">
  <properties>
[...]
</properties>
  <testcase classname="jalokivi.JalokiviTest" name="varinLisaysToimii" time="0.17"/>
  <testcase classname="jalokivi.JalokiviTest" name="jalokivetRiveilla" time="0"/>
  <testcase classname="jalokivi.JalokiviTest" name="aluksiSarakkeetTyhjat" time="0"/>
  <testcase classname="jalokivi.JalokiviTest" name="jalokivetSarakkeilla" time="0"/>
  <testcase classname="jalokivi.JalokiviTest" name="randomiVariToimii" time="0"/>
  <testcase classname="jalokivi.JalokiviTest" name="aluksiRivitTyhjat" time="0"/>
  <testcase classname="jalokivi.JalokiviTest" name="randomiTestaus" time="0"/>
  <testcase classname="jalokivi.JalokiviTest" name="ympyranVarinLisays" time="0.001"/>
  <testcase classname="jalokivi.JalokiviTest" name="ympyranX" time="0"/>
  <testcase classname="jalokivi.JalokiviTest" name="ympyranY" time="0"/>
</testsuite>